This file contains any messages produced by compilers while
running configure, to aid debugging if configure makes a mistake.

It was created by pam_tacplus configure 1.3.2, which was
generated by GNU Autoconf 2.65.  Invocation command line was

  $ ./configure --prefix=/home/tgrande/Projetos/digistarEFM/fs --host=powerpc-linux-gnu --build=i386

## --------- ##
## Platform. ##
## --------- ##

hostname = tgrande
uname -m = x86_64
uname -r = 2.6.35-28-generic
uname -s = Linux
uname -v = #49-Ubuntu SMP Tue Mar 1 14:39:03 UTC 2011

/usr/bin/uname -p = unknown
/bin/uname -X     = unknown

/bin/arch              = unknown
/usr/bin/arch -k       = unknown
/usr/convex/getsysinfo = unknown
/usr/bin/hostinfo      = unknown
/bin/machine           = unknown
/usr/bin/oslevel       = unknown
/bin/universe          = unknown

PATH: /usr/local/sbin
PATH: /usr/local/bin
PATH: /usr/sbin
PATH: /usr/bin
PATH: /sbin
PATH: /bin
PATH: /usr/games
PATH: /opt/hardhat/devkit/ppc/8xx/bin
PATH: /opt/hardhat/host/bin
PATH: /usr/local/arm/gnu/release-3.4.0/bin/
PATH: /83xx/bin/
PATH: /opt/freescale/usr/local/gcc-4.1.2-glibc-2.5-nptl-3/arm-none-linux-gnueabi/bin/
PATH: /831x/bin/
PATH: /8xx/bin


## ----------- ##
## Core tests. ##
## ----------- ##

configure:2404: checking for a BSD-compatible install
configure:2472: result: /usr/bin/install -c
configure:2483: checking whether build environment is sane
configure:2533: result: yes
configure:2582: checking for powerpc-linux-gnu-strip
configure:2609: result: powerpc-e300c3-linux-gnu-strip
configure:2674: checking for a thread-safe mkdir -p
configure:2713: result: /bin/mkdir -p
configure:2726: checking for gawk
configure:2742: found /usr/bin/gawk
configure:2753: result: gawk
configure:2764: checking whether make sets $(MAKE)
configure:2786: result: yes
configure:2878: checking for powerpc-linux-gnu-gcc
configure:2905: result: powerpc-e300c3-linux-gnu-gcc
configure:3174: checking for C compiler version
configure:3183: powerpc-e300c3-linux-gnu-gcc --version >&5
powerpc-e300c3-linux-gnu-gcc (GCC) 4.1.2
Copyright (C) 2006 Free Software Foundation, Inc.
This is free software; see the source for copying conditions.  There is NO
warranty; not even for MERCHANTABILITY or FITNESS FOR A PARTICULAR PURPOSE.

configure:3194: $? = 0
configure:3183: powerpc-e300c3-linux-gnu-gcc -v >&5
Using built-in specs.
Target: powerpc-e300c3-linux-gnu
Configured with: ../gcc-4.1/configure --target=powerpc-e300c3-linux-gnu --host=i686-pc-linux-gnu --prefix=/opt/freescale/usr/local/gcc-4.1.78-eglibc-2.5.78-1/powerpc-e300c3-linux-gnu --with-sysroot=/opt/freescale/usr/local/gcc-4.1.78-eglibc-2.5.78-1/powerpc-e300c3-linux-gnu/powerpc-e300c3-linux-gnu/libc --disable-libssp --disable-libgomp --disable-libmudflap --enable-shared --enable-threads --enable-languages=c,c++ --disable-nls --with-cpu=e300c3 --enable-__cxa_atexit --enable-cxx-flags=-mcpu=e300c3 --disable-multilib --disable-libstdcxx-pch --with-long-double-128
Thread model: posix
gcc version 4.1.2
configure:3194: $? = 0
configure:3183: powerpc-e300c3-linux-gnu-gcc -V >&5
powerpc-e300c3-linux-gnu-gcc: '-V' option must have argument
configure:3194: $? = 1
configure:3183: powerpc-e300c3-linux-gnu-gcc -qversion >&5
powerpc-e300c3-linux-gnu-gcc: unrecognized option '-qversion'
powerpc-e300c3-linux-gnu-gcc: no input files
configure:3194: $? = 1
configure:3214: checking whether the C compiler works
configure:3236: powerpc-e300c3-linux-gnu-gcc -O2 -Wall -I. -I/home/tgrande/Projetos/digistarEFM/include -I/home/tgrande/Projetos/digistarEFM/fs/include  -L/home/tgrande/Projetos/digistarEFM/fs/lib conftest.c  >&5
configure:3240: $? = 0
configure:3289: result: yes
configure:3292: checking for C compiler default output file name
configure:3294: result: a.out
configure:3300: checking for suffix of executables
configure:3307: powerpc-e300c3-linux-gnu-gcc -o conftest -O2 -Wall -I. -I/home/tgrande/Projetos/digistarEFM/include -I/home/tgrande/Projetos/digistarEFM/fs/include  -L/home/tgrande/Projetos/digistarEFM/fs/lib conftest.c  >&5
configure:3311: $? = 0
configure:3333: result: 
configure:3355: checking whether we are cross compiling
configure:3393: result: yes
configure:3398: checking for suffix of object files
configure:3420: powerpc-e300c3-linux-gnu-gcc -c -O2 -Wall -I. -I/home/tgrande/Projetos/digistarEFM/include -I/home/tgrande/Projetos/digistarEFM/fs/include  conftest.c >&5
configure:3424: $? = 0
configure:3445: result: o
configure:3449: checking whether we are using the GNU C compiler
configure:3468: powerpc-e300c3-linux-gnu-gcc -c -O2 -Wall -I. -I/home/tgrande/Projetos/digistarEFM/include -I/home/tgrande/Projetos/digistarEFM/fs/include  conftest.c >&5
configure:3468: $? = 0
configure:3477: result: yes
configure:3486: checking whether powerpc-e300c3-linux-gnu-gcc accepts -g
configure:3506: powerpc-e300c3-linux-gnu-gcc -c -g  conftest.c >&5
configure:3506: $? = 0
configure:3547: result: yes
configure:3564: checking for powerpc-e300c3-linux-gnu-gcc option to accept ISO C89
configure:3628: powerpc-e300c3-linux-gnu-gcc  -c -O2 -Wall -I. -I/home/tgrande/Projetos/digistarEFM/include -I/home/tgrande/Projetos/digistarEFM/fs/include  conftest.c >&5
configure:3628: $? = 0
configure:3641: result: none needed
configure:3672: checking for style of include used by make
configure:3700: result: GNU
configure:3725: checking dependency style of powerpc-e300c3-linux-gnu-gcc
configure:3835: result: gcc3
configure:3851: checking whether ln -s works
configure:3855: result: yes
configure:3862: checking whether make sets $(MAKE)
configure:3884: result: yes
configure:3922: checking build system type
configure:3936: result: i386-pc-none
configure:3956: checking host system type
configure:3969: result: powerpc-unknown-linux-gnu
configure:3989: checking for a sed that does not truncate output
configure:4053: result: /bin/sed
configure:4071: checking for grep that handles long lines and -e
configure:4129: result: /bin/grep
configure:4134: checking for egrep
configure:4196: result: /bin/grep -E
configure:4201: checking for fgrep
configure:4263: result: /bin/grep -F
configure:4298: checking for ld used by powerpc-e300c3-linux-gnu-gcc
configure:4365: result: powerpc-e300c3-linux-gnu-ld
configure:4372: checking if the linker (powerpc-e300c3-linux-gnu-ld) is GNU ld
configure:4387: result: yes
configure:4399: checking for BSD- or MS-compatible name lister (nm)
configure:4448: result: powerpc-e300c3-linux-gnu-nm
configure:4566: checking the name lister (powerpc-e300c3-linux-gnu-nm) interface
configure:4573: powerpc-e300c3-linux-gnu-gcc -c -O2 -Wall -I. -I/home/tgrande/Projetos/digistarEFM/include -I/home/tgrande/Projetos/digistarEFM/fs/include  conftest.c >&5
configure:4576: powerpc-e300c3-linux-gnu-nm "conftest.o"
configure:4579: output
00000000 S some_variable
configure:4586: result: BSD nm
configure:4590: checking the maximum length of command line arguments
configure:4710: result: 3458764513820540925
configure:4727: checking whether the shell understands some XSI constructs
configure:4737: result: yes
configure:4741: checking whether the shell understands "+="
configure:4747: result: yes
configure:4782: checking for powerpc-e300c3-linux-gnu-ld option to reload object files
configure:4789: result: -r
configure:4818: checking for powerpc-linux-gnu-objdump
configure:4845: result: powerpc-e300c3-linux-gnu-objdump
configure:4917: checking how to recognize dependent libraries
configure:5113: result: pass_all
configure:5133: checking for powerpc-linux-gnu-ar
configure:5160: result: powerpc-e300c3-linux-gnu-ar
configure:5238: checking for powerpc-linux-gnu-strip
configure:5265: result: powerpc-e300c3-linux-gnu-strip
configure:5337: checking for powerpc-linux-gnu-ranlib
configure:5364: result: powerpc-e300c3-linux-gnu-ranlib
configure:5494: checking command to parse powerpc-e300c3-linux-gnu-nm output from powerpc-e300c3-linux-gnu-gcc object
configure:5612: powerpc-e300c3-linux-gnu-gcc -c -O2 -Wall -I. -I/home/tgrande/Projetos/digistarEFM/include -I/home/tgrande/Projetos/digistarEFM/fs/include  conftest.c >&5
configure:5615: $? = 0
configure:5619: powerpc-e300c3-linux-gnu-nm conftest.o \| sed -n -e 's/^.*[	 ]\([ABCDGIRSTW][ABCDGIRSTW]*\)[	 ][	 ]*\([_A-Za-z][_A-Za-z0-9]*\)$/\1 \2 \2/p' \> conftest.nm
configure:5622: $? = 0
configure:5676: powerpc-e300c3-linux-gnu-gcc -o conftest -O2 -Wall -I. -I/home/tgrande/Projetos/digistarEFM/include -I/home/tgrande/Projetos/digistarEFM/fs/include  -L/home/tgrande/Projetos/digistarEFM/fs/lib conftest.c conftstm.o >&5
configure:5679: $? = 0
configure:5717: result: ok
configure:5813: powerpc-e300c3-linux-gnu-gcc -c -O2 -Wall -I. -I/home/tgrande/Projetos/digistarEFM/include -I/home/tgrande/Projetos/digistarEFM/fs/include  conftest.c >&5
configure:5816: $? = 0
configure:6526: checking how to run the C preprocessor
configure:6557: powerpc-e300c3-linux-gnu-gcc -E  conftest.c
configure:6557: $? = 0
configure:6571: powerpc-e300c3-linux-gnu-gcc -E  conftest.c
conftest.c:11:28: error: ac_nonexistent.h: No such file or directory
configure:6571: $? = 1
configure: failed program was:
| /* confdefs.h */
| #define PACKAGE_NAME "pam_tacplus"
| #define PACKAGE_TARNAME "pam_tacplus"
| #define PACKAGE_VERSION "1.3.2"
| #define PACKAGE_STRING "pam_tacplus 1.3.2"
| #define PACKAGE_BUGREPORT "jeroen@nijhofnet.nl,kravietz@ceti.com.pl"
| #define PACKAGE_URL ""
| #define PACKAGE "pam_tacplus"
| #define VERSION "1.3.2"
| /* end confdefs.h.  */
| #include <ac_nonexistent.h>
configure:6596: result: powerpc-e300c3-linux-gnu-gcc -E
configure:6616: powerpc-e300c3-linux-gnu-gcc -E  conftest.c
configure:6616: $? = 0
configure:6630: powerpc-e300c3-linux-gnu-gcc -E  conftest.c
conftest.c:11:28: error: ac_nonexistent.h: No such file or directory
configure:6630: $? = 1
configure: failed program was:
| /* confdefs.h */
| #define PACKAGE_NAME "pam_tacplus"
| #define PACKAGE_TARNAME "pam_tacplus"
| #define PACKAGE_VERSION "1.3.2"
| #define PACKAGE_STRING "pam_tacplus 1.3.2"
| #define PACKAGE_BUGREPORT "jeroen@nijhofnet.nl,kravietz@ceti.com.pl"
| #define PACKAGE_URL ""
| #define PACKAGE "pam_tacplus"
| #define VERSION "1.3.2"
| /* end confdefs.h.  */
| #include <ac_nonexistent.h>
configure:6659: checking for ANSI C header files
configure:6679: powerpc-e300c3-linux-gnu-gcc -c -O2 -Wall -I. -I/home/tgrande/Projetos/digistarEFM/include -I/home/tgrande/Projetos/digistarEFM/fs/include  conftest.c >&5
configure:6679: $? = 0
configure:6763: result: yes
configure:6776: checking for sys/types.h
configure:6776: powerpc-e300c3-linux-gnu-gcc -c -O2 -Wall -I. -I/home/tgrande/Projetos/digistarEFM/include -I/home/tgrande/Projetos/digistarEFM/fs/include  conftest.c >&5
configure:6776: $? = 0
configure:6776: result: yes
configure:6776: checking for sys/stat.h
configure:6776: powerpc-e300c3-linux-gnu-gcc -c -O2 -Wall -I. -I/home/tgrande/Projetos/digistarEFM/include -I/home/tgrande/Projetos/digistarEFM/fs/include  conftest.c >&5
configure:6776: $? = 0
configure:6776: result: yes
configure:6776: checking for stdlib.h
configure:6776: powerpc-e300c3-linux-gnu-gcc -c -O2 -Wall -I. -I/home/tgrande/Projetos/digistarEFM/include -I/home/tgrande/Projetos/digistarEFM/fs/include  conftest.c >&5
configure:6776: $? = 0
configure:6776: result: yes
configure:6776: checking for string.h
configure:6776: powerpc-e300c3-linux-gnu-gcc -c -O2 -Wall -I. -I/home/tgrande/Projetos/digistarEFM/include -I/home/tgrande/Projetos/digistarEFM/fs/include  conftest.c >&5
configure:6776: $? = 0
configure:6776: result: yes
configure:6776: checking for memory.h
configure:6776: powerpc-e300c3-linux-gnu-gcc -c -O2 -Wall -I. -I/home/tgrande/Projetos/digistarEFM/include -I/home/tgrande/Projetos/digistarEFM/fs/include  conftest.c >&5
configure:6776: $? = 0
configure:6776: result: yes
configure:6776: checking for strings.h
configure:6776: powerpc-e300c3-linux-gnu-gcc -c -O2 -Wall -I. -I/home/tgrande/Projetos/digistarEFM/include -I/home/tgrande/Projetos/digistarEFM/fs/include  conftest.c >&5
configure:6776: $? = 0
configure:6776: result: yes
configure:6776: checking for inttypes.h
configure:6776: powerpc-e300c3-linux-gnu-gcc -c -O2 -Wall -I. -I/home/tgrande/Projetos/digistarEFM/include -I/home/tgrande/Projetos/digistarEFM/fs/include  conftest.c >&5
configure:6776: $? = 0
configure:6776: result: yes
configure:6776: checking for stdint.h
configure:6776: powerpc-e300c3-linux-gnu-gcc -c -O2 -Wall -I. -I/home/tgrande/Projetos/digistarEFM/include -I/home/tgrande/Projetos/digistarEFM/fs/include  conftest.c >&5
configure:6776: $? = 0
configure:6776: result: yes
configure:6776: checking for unistd.h
configure:6776: powerpc-e300c3-linux-gnu-gcc -c -O2 -Wall -I. -I/home/tgrande/Projetos/digistarEFM/include -I/home/tgrande/Projetos/digistarEFM/fs/include  conftest.c >&5
configure:6776: $? = 0
configure:6776: result: yes
configure:6791: checking for dlfcn.h
configure:6791: powerpc-e300c3-linux-gnu-gcc -c -O2 -Wall -I. -I/home/tgrande/Projetos/digistarEFM/include -I/home/tgrande/Projetos/digistarEFM/fs/include  conftest.c >&5
configure:6791: $? = 0
configure:6791: result: yes
configure:6975: checking for objdir
configure:6990: result: .libs
configure:7282: checking if powerpc-e300c3-linux-gnu-gcc supports -fno-rtti -fno-exceptions
configure:7300: powerpc-e300c3-linux-gnu-gcc -c -O2 -Wall -I. -I/home/tgrande/Projetos/digistarEFM/include -I/home/tgrande/Projetos/digistarEFM/fs/include  -fno-rtti -fno-exceptions conftest.c >&5
cc1: warning: command line option "-fno-rtti" is valid for C++/ObjC++ but not for C
configure:7304: $? = 0
configure:7317: result: no
configure:7337: checking for powerpc-e300c3-linux-gnu-gcc option to produce PIC
configure:7609: result: -fPIC -DPIC
configure:7621: checking if powerpc-e300c3-linux-gnu-gcc PIC flag -fPIC -DPIC works
configure:7639: powerpc-e300c3-linux-gnu-gcc -c -O2 -Wall -I. -I/home/tgrande/Projetos/digistarEFM/include -I/home/tgrande/Projetos/digistarEFM/fs/include  -fPIC -DPIC -DPIC conftest.c >&5
configure:7643: $? = 0
configure:7656: result: yes
configure:7680: checking if powerpc-e300c3-linux-gnu-gcc static flag -static works
configure:7708: result: yes
configure:7723: checking if powerpc-e300c3-linux-gnu-gcc supports -c -o file.o
configure:7744: powerpc-e300c3-linux-gnu-gcc -c -O2 -Wall -I. -I/home/tgrande/Projetos/digistarEFM/include -I/home/tgrande/Projetos/digistarEFM/fs/include  -o out/conftest2.o conftest.c >&5
configure:7748: $? = 0
configure:7770: result: yes
configure:7778: checking if powerpc-e300c3-linux-gnu-gcc supports -c -o file.o
configure:7825: result: yes
configure:7858: checking whether the powerpc-e300c3-linux-gnu-gcc linker (powerpc-e300c3-linux-gnu-ld) supports shared libraries
configure:8849: result: yes
configure:8886: checking whether -lc should be explicitly linked in
configure:8891: powerpc-e300c3-linux-gnu-gcc -c -O2 -Wall -I. -I/home/tgrande/Projetos/digistarEFM/include -I/home/tgrande/Projetos/digistarEFM/fs/include  conftest.c >&5
configure:8894: $? = 0
configure:8909: powerpc-e300c3-linux-gnu-gcc -shared conftest.o  -v -Wl,-soname -Wl,conftest -o conftest 2\>\&1 \| /bin/grep  -lc  \>/dev/null 2\>\&1
configure:8912: $? = 0
configure:8924: result: no
configure:9088: checking dynamic linker characteristics
configure:9521: powerpc-e300c3-linux-gnu-gcc -o conftest -O2 -Wall -I. -I/home/tgrande/Projetos/digistarEFM/include -I/home/tgrande/Projetos/digistarEFM/fs/include  -L/home/tgrande/Projetos/digistarEFM/fs/lib -Wl,-rpath -Wl,/foo conftest.c  >&5
configure:9521: $? = 0
configure:9751: result: GNU/Linux ld.so
configure:9853: checking how to hardcode library paths into programs
configure:9878: result: immediate
configure:10398: checking whether stripping libraries is possible
configure:10403: result: yes
configure:10438: checking if libtool supports shared libraries
configure:10440: result: yes
configure:10443: checking whether to build shared libraries
configure:10464: result: yes
configure:10467: checking whether to build static libraries
configure:10471: result: yes
configure:10507: checking for pam_start in -lpam
configure:10532: powerpc-e300c3-linux-gnu-gcc -o conftest -O2 -Wall -I. -I/home/tgrande/Projetos/digistarEFM/include -I/home/tgrande/Projetos/digistarEFM/fs/include  -L/home/tgrande/Projetos/digistarEFM/fs/lib conftest.c -lpam   >&5
configure:10532: $? = 0
configure:10541: result: yes
configure:10552: checking for tac_connect in -ltac
configure:10577: powerpc-e300c3-linux-gnu-gcc -o conftest -O2 -Wall -I. -I/home/tgrande/Projetos/digistarEFM/include -I/home/tgrande/Projetos/digistarEFM/fs/include  -L/home/tgrande/Projetos/digistarEFM/fs/lib conftest.c -ltac  -lpam  >&5
/opt/freescale/usr/local/gcc-4.1.78-eglibc-2.5.78-1/powerpc-e300c3-linux-gnu/lib/gcc/powerpc-e300c3-linux-gnu/4.1.2/../../../../powerpc-e300c3-linux-gnu/bin/ld: cannot find -ltac
collect2: ld returned 1 exit status
configure:10577: $? = 1
configure: failed program was:
| /* confdefs.h */
| #define PACKAGE_NAME "pam_tacplus"
| #define PACKAGE_TARNAME "pam_tacplus"
| #define PACKAGE_VERSION "1.3.2"
| #define PACKAGE_STRING "pam_tacplus 1.3.2"
| #define PACKAGE_BUGREPORT "jeroen@nijhofnet.nl,kravietz@ceti.com.pl"
| #define PACKAGE_URL ""
| #define PACKAGE "pam_tacplus"
| #define VERSION "1.3.2"
| #define STDC_HEADERS 1
| #define HAVE_SYS_TYPES_H 1
| #define HAVE_SYS_STAT_H 1
| #define HAVE_STDLIB_H 1
| #define HAVE_STRING_H 1
| #define HAVE_MEMORY_H 1
| #define HAVE_STRINGS_H 1
| #define HAVE_INTTYPES_H 1
| #define HAVE_STDINT_H 1
| #define HAVE_UNISTD_H 1
| #define HAVE_DLFCN_H 1
| #define LT_OBJDIR ".libs/"
| #define HAVE_LIBPAM 1
| /* end confdefs.h.  */
| 
| /* Override any GCC internal prototype to avoid an error.
|    Use char because int might match the return type of a GCC
|    builtin and then its argument prototype would still apply.  */
| #ifdef __cplusplus
| extern "C"
| #endif
| char tac_connect ();
| int
| main ()
| {
| return tac_connect ();
|   ;
|   return 0;
| }
configure:10586: result: no
configure:10603: checking for ANSI C header files
configure:10707: result: yes
configure:10718: checking arpa/inet.h usability
configure:10718: powerpc-e300c3-linux-gnu-gcc -c -O2 -Wall -I. -I/home/tgrande/Projetos/digistarEFM/include -I/home/tgrande/Projetos/digistarEFM/fs/include  conftest.c >&5
configure:10718: $? = 0
configure:10718: result: yes
configure:10718: checking arpa/inet.h presence
configure:10718: powerpc-e300c3-linux-gnu-gcc -E  conftest.c
configure:10718: $? = 0
configure:10718: result: yes
configure:10718: checking for arpa/inet.h
configure:10718: result: yes
configure:10718: checking fcntl.h usability
configure:10718: powerpc-e300c3-linux-gnu-gcc -c -O2 -Wall -I. -I/home/tgrande/Projetos/digistarEFM/include -I/home/tgrande/Projetos/digistarEFM/fs/include  conftest.c >&5
configure:10718: $? = 0
configure:10718: result: yes
configure:10718: checking fcntl.h presence
configure:10718: powerpc-e300c3-linux-gnu-gcc -E  conftest.c
configure:10718: $? = 0
configure:10718: result: yes
configure:10718: checking for fcntl.h
configure:10718: result: yes
configure:10718: checking netdb.h usability
configure:10718: powerpc-e300c3-linux-gnu-gcc -c -O2 -Wall -I. -I/home/tgrande/Projetos/digistarEFM/include -I/home/tgrande/Projetos/digistarEFM/fs/include  conftest.c >&5
configure:10718: $? = 0
configure:10718: result: yes
configure:10718: checking netdb.h presence
configure:10718: powerpc-e300c3-linux-gnu-gcc -E  conftest.c
configure:10718: $? = 0
configure:10718: result: yes
configure:10718: checking for netdb.h
configure:10718: result: yes
configure:10718: checking netinet/in.h usability
configure:10718: powerpc-e300c3-linux-gnu-gcc -c -O2 -Wall -I. -I/home/tgrande/Projetos/digistarEFM/include -I/home/tgrande/Projetos/digistarEFM/fs/include  conftest.c >&5
configure:10718: $? = 0
configure:10718: result: yes
configure:10718: checking netinet/in.h presence
configure:10718: powerpc-e300c3-linux-gnu-gcc -E  conftest.c
configure:10718: $? = 0
configure:10718: result: yes
configure:10718: checking for netinet/in.h
configure:10718: result: yes
configure:10718: checking for stdlib.h
configure:10718: result: yes
configure:10718: checking for string.h
configure:10718: result: yes
configure:10718: checking for strings.h
configure:10718: result: yes
configure:10718: checking sys/socket.h usability
configure:10718: powerpc-e300c3-linux-gnu-gcc -c -O2 -Wall -I. -I/home/tgrande/Projetos/digistarEFM/include -I/home/tgrande/Projetos/digistarEFM/fs/include  conftest.c >&5
configure:10718: $? = 0
configure:10718: result: yes
configure:10718: checking sys/socket.h presence
configure:10718: powerpc-e300c3-linux-gnu-gcc -E  conftest.c
configure:10718: $? = 0
configure:10718: result: yes
configure:10718: checking for sys/socket.h
configure:10718: result: yes
configure:10718: checking sys/time.h usability
configure:10718: powerpc-e300c3-linux-gnu-gcc -c -O2 -Wall -I. -I/home/tgrande/Projetos/digistarEFM/include -I/home/tgrande/Projetos/digistarEFM/fs/include  conftest.c >&5
configure:10718: $? = 0
configure:10718: result: yes
configure:10718: checking sys/time.h presence
configure:10718: powerpc-e300c3-linux-gnu-gcc -E  conftest.c
configure:10718: $? = 0
configure:10718: result: yes
configure:10718: checking for sys/time.h
configure:10718: result: yes
configure:10718: checking syslog.h usability
configure:10718: powerpc-e300c3-linux-gnu-gcc -c -O2 -Wall -I. -I/home/tgrande/Projetos/digistarEFM/include -I/home/tgrande/Projetos/digistarEFM/fs/include  conftest.c >&5
configure:10718: $? = 0
configure:10718: result: yes
configure:10718: checking syslog.h presence
configure:10718: powerpc-e300c3-linux-gnu-gcc -E  conftest.c
configure:10718: $? = 0
configure:10718: result: yes
configure:10718: checking for syslog.h
configure:10718: result: yes
configure:10718: checking for unistd.h
configure:10718: result: yes
configure:10730: checking for an ANSI C-conforming const
configure:10795: powerpc-e300c3-linux-gnu-gcc -c -O2 -Wall -I. -I/home/tgrande/Projetos/digistarEFM/include -I/home/tgrande/Projetos/digistarEFM/fs/include  conftest.c >&5
conftest.c: In function 'main':
conftest.c:65: warning: 't' is used uninitialized in this function
conftest.c:81: warning: 'b' is used uninitialized in this function
conftest.c:87: warning: 'cs[0]' is used uninitialized in this function
configure:10795: $? = 0
configure:10802: result: yes
configure:10810: checking for size_t
configure:10810: powerpc-e300c3-linux-gnu-gcc -c -O2 -Wall -I. -I/home/tgrande/Projetos/digistarEFM/include -I/home/tgrande/Projetos/digistarEFM/fs/include  conftest.c >&5
configure:10810: $? = 0
configure:10810: powerpc-e300c3-linux-gnu-gcc -c -O2 -Wall -I. -I/home/tgrande/Projetos/digistarEFM/include -I/home/tgrande/Projetos/digistarEFM/fs/include  conftest.c >&5
conftest.c: In function 'main':
conftest.c:72: error: expected expression before ')' token
configure:10810: $? = 1
configure: failed program was:
| /* confdefs.h */
| #define PACKAGE_NAME "pam_tacplus"
| #define PACKAGE_TARNAME "pam_tacplus"
| #define PACKAGE_VERSION "1.3.2"
| #define PACKAGE_STRING "pam_tacplus 1.3.2"
| #define PACKAGE_BUGREPORT "jeroen@nijhofnet.nl,kravietz@ceti.com.pl"
| #define PACKAGE_URL ""
| #define PACKAGE "pam_tacplus"
| #define VERSION "1.3.2"
| #define STDC_HEADERS 1
| #define HAVE_SYS_TYPES_H 1
| #define HAVE_SYS_STAT_H 1
| #define HAVE_STDLIB_H 1
| #define HAVE_STRING_H 1
| #define HAVE_MEMORY_H 1
| #define HAVE_STRINGS_H 1
| #define HAVE_INTTYPES_H 1
| #define HAVE_STDINT_H 1
| #define HAVE_UNISTD_H 1
| #define HAVE_DLFCN_H 1
| #define LT_OBJDIR ".libs/"
| #define HAVE_LIBPAM 1
| #define STDC_HEADERS 1
| #define HAVE_ARPA_INET_H 1
| #define HAVE_FCNTL_H 1
| #define HAVE_NETDB_H 1
| #define HAVE_NETINET_IN_H 1
| #define HAVE_STDLIB_H 1
| #define HAVE_STRING_H 1
| #define HAVE_STRINGS_H 1
| #define HAVE_SYS_SOCKET_H 1
| #define HAVE_SYS_TIME_H 1
| #define HAVE_SYSLOG_H 1
| #define HAVE_UNISTD_H 1
| /* end confdefs.h.  */
| #include <stdio.h>
| #ifdef HAVE_SYS_TYPES_H
| # include <sys/types.h>
| #endif
| #ifdef HAVE_SYS_STAT_H
| # include <sys/stat.h>
| #endif
| #ifdef STDC_HEADERS
| # include <stdlib.h>
| # include <stddef.h>
| #else
| # ifdef HAVE_STDLIB_H
| #  include <stdlib.h>
| # endif
| #endif
| #ifdef HAVE_STRING_H
| # if !defined STDC_HEADERS && defined HAVE_MEMORY_H
| #  include <memory.h>
| # endif
| # include <string.h>
| #endif
| #ifdef HAVE_STRINGS_H
| # include <strings.h>
| #endif
| #ifdef HAVE_INTTYPES_H
| # include <inttypes.h>
| #endif
| #ifdef HAVE_STDINT_H
| # include <stdint.h>
| #endif
| #ifdef HAVE_UNISTD_H
| # include <unistd.h>
| #endif
| int
| main ()
| {
| if (sizeof ((size_t)))
| 	    return 0;
|   ;
|   return 0;
| }
configure:10810: result: yes
configure:10821: checking whether time.h and sys/time.h may both be included
configure:10841: powerpc-e300c3-linux-gnu-gcc -c -O2 -Wall -I. -I/home/tgrande/Projetos/digistarEFM/include -I/home/tgrande/Projetos/digistarEFM/fs/include  conftest.c >&5
configure:10841: $? = 0
configure:10848: result: yes
configure:10859: checking for stdlib.h
configure:10859: result: yes
configure:10869: checking for GNU libc compatible realloc
configure:10903: result: yes
configure:10927: checking sys/select.h usability
configure:10927: powerpc-e300c3-linux-gnu-gcc -c -O2 -Wall -I. -I/home/tgrande/Projetos/digistarEFM/include -I/home/tgrande/Projetos/digistarEFM/fs/include  conftest.c >&5
configure:10927: $? = 0
configure:10927: result: yes
configure:10927: checking sys/select.h presence
configure:10927: powerpc-e300c3-linux-gnu-gcc -E  conftest.c
configure:10927: $? = 0
configure:10927: result: yes
configure:10927: checking for sys/select.h
configure:10927: result: yes
configure:10927: checking for sys/socket.h
configure:10927: result: yes
configure:10938: checking types of arguments for select
configure:10966: powerpc-e300c3-linux-gnu-gcc -c -O2 -Wall -I. -I/home/tgrande/Projetos/digistarEFM/include -I/home/tgrande/Projetos/digistarEFM/fs/include  conftest.c >&5
configure:10966: $? = 0
configure:10977: result: int,fd_set *,struct timeval *
configure:11000: checking return type of signal handlers
configure:11018: powerpc-e300c3-linux-gnu-gcc -c -O2 -Wall -I. -I/home/tgrande/Projetos/digistarEFM/include -I/home/tgrande/Projetos/digistarEFM/fs/include  conftest.c >&5
conftest.c: In function 'main':
conftest.c:50: error: void value not ignored as it ought to be
configure:11018: $? = 1
configure: failed program was:
| /* confdefs.h */
| #define PACKAGE_NAME "pam_tacplus"
| #define PACKAGE_TARNAME "pam_tacplus"
| #define PACKAGE_VERSION "1.3.2"
| #define PACKAGE_STRING "pam_tacplus 1.3.2"
| #define PACKAGE_BUGREPORT "jeroen@nijhofnet.nl,kravietz@ceti.com.pl"
| #define PACKAGE_URL ""
| #define PACKAGE "pam_tacplus"
| #define VERSION "1.3.2"
| #define STDC_HEADERS 1
| #define HAVE_SYS_TYPES_H 1
| #define HAVE_SYS_STAT_H 1
| #define HAVE_STDLIB_H 1
| #define HAVE_STRING_H 1
| #define HAVE_MEMORY_H 1
| #define HAVE_STRINGS_H 1
| #define HAVE_INTTYPES_H 1
| #define HAVE_STDINT_H 1
| #define HAVE_UNISTD_H 1
| #define HAVE_DLFCN_H 1
| #define LT_OBJDIR ".libs/"
| #define HAVE_LIBPAM 1
| #define STDC_HEADERS 1
| #define HAVE_ARPA_INET_H 1
| #define HAVE_FCNTL_H 1
| #define HAVE_NETDB_H 1
| #define HAVE_NETINET_IN_H 1
| #define HAVE_STDLIB_H 1
| #define HAVE_STRING_H 1
| #define HAVE_STRINGS_H 1
| #define HAVE_SYS_SOCKET_H 1
| #define HAVE_SYS_TIME_H 1
| #define HAVE_SYSLOG_H 1
| #define HAVE_UNISTD_H 1
| #define TIME_WITH_SYS_TIME 1
| #define HAVE_STDLIB_H 1
| #define HAVE_REALLOC 1
| #define HAVE_SYS_SELECT_H 1
| #define HAVE_SYS_SOCKET_H 1
| #define SELECT_TYPE_ARG1 int
| #define SELECT_TYPE_ARG234 (fd_set *)
| #define SELECT_TYPE_ARG5 (struct timeval *)
| /* end confdefs.h.  */
| #include <sys/types.h>
| #include <signal.h>
| 
| int
| main ()
| {
| return *(signal (0, 0)) (0) == 1;
|   ;
|   return 0;
| }
configure:11025: result: void
configure:11036: checking for bzero
configure:11036: powerpc-e300c3-linux-gnu-gcc -o conftest -O2 -Wall -I. -I/home/tgrande/Projetos/digistarEFM/include -I/home/tgrande/Projetos/digistarEFM/fs/include  -L/home/tgrande/Projetos/digistarEFM/fs/lib conftest.c -lpam  >&5
conftest.c:68: warning: conflicting types for built-in function 'bzero'
configure:11036: $? = 0
configure:11036: result: yes
configure:11036: checking for gethostbyname
configure:11036: powerpc-e300c3-linux-gnu-gcc -o conftest -O2 -Wall -I. -I/home/tgrande/Projetos/digistarEFM/include -I/home/tgrande/Projetos/digistarEFM/fs/include  -L/home/tgrande/Projetos/digistarEFM/fs/lib conftest.c -lpam  >&5
configure:11036: $? = 0
configure:11036: result: yes
configure:11036: checking for gettimeofday
configure:11036: powerpc-e300c3-linux-gnu-gcc -o conftest -O2 -Wall -I. -I/home/tgrande/Projetos/digistarEFM/include -I/home/tgrande/Projetos/digistarEFM/fs/include  -L/home/tgrande/Projetos/digistarEFM/fs/lib conftest.c -lpam  >&5
configure:11036: $? = 0
configure:11036: result: yes
configure:11036: checking for inet_ntoa
configure:11036: powerpc-e300c3-linux-gnu-gcc -o conftest -O2 -Wall -I. -I/home/tgrande/Projetos/digistarEFM/include -I/home/tgrande/Projetos/digistarEFM/fs/include  -L/home/tgrande/Projetos/digistarEFM/fs/lib conftest.c -lpam  >&5
configure:11036: $? = 0
configure:11036: result: yes
configure:11036: checking for select
configure:11036: powerpc-e300c3-linux-gnu-gcc -o conftest -O2 -Wall -I. -I/home/tgrande/Projetos/digistarEFM/include -I/home/tgrande/Projetos/digistarEFM/fs/include  -L/home/tgrande/Projetos/digistarEFM/fs/lib conftest.c -lpam  >&5
configure:11036: $? = 0
configure:11036: result: yes
configure:11036: checking for socket
configure:11036: powerpc-e300c3-linux-gnu-gcc -o conftest -O2 -Wall -I. -I/home/tgrande/Projetos/digistarEFM/include -I/home/tgrande/Projetos/digistarEFM/fs/include  -L/home/tgrande/Projetos/digistarEFM/fs/lib conftest.c -lpam  >&5
configure:11036: $? = 0
configure:11036: result: yes
configure:11167: creating ./config.status

## ---------------------- ##
## Running config.status. ##
## ---------------------- ##

This file was extended by pam_tacplus config.status 1.3.2, which was
generated by GNU Autoconf 2.65.  Invocation command line was

  CONFIG_FILES    = 
  CONFIG_HEADERS  = 
  CONFIG_LINKS    = 
  CONFIG_COMMANDS = 
  $ ./config.status 

on tgrande

config.status:1091: creating Makefile
config.status:1091: creating pam_tacplus.spec
config.status:1091: creating config.h
config.status:1311: executing depfiles commands
config.status:1311: executing libtool commands

## ---------------- ##
## Cache variables. ##
## ---------------- ##

ac_cv_build=i386-pc-none
ac_cv_c_compiler_gnu=yes
ac_cv_c_const=yes
ac_cv_env_CC_set=set
ac_cv_env_CC_value=powerpc-e300c3-linux-gnu-gcc
ac_cv_env_CFLAGS_set=set
ac_cv_env_CFLAGS_value='-O2 -Wall -I. -I/home/tgrande/Projetos/digistarEFM/include -I/home/tgrande/Projetos/digistarEFM/fs/include'
ac_cv_env_CPPFLAGS_set=
ac_cv_env_CPPFLAGS_value=
ac_cv_env_CPP_set=
ac_cv_env_CPP_value=
ac_cv_env_LDFLAGS_set=set
ac_cv_env_LDFLAGS_value=-L/home/tgrande/Projetos/digistarEFM/fs/lib
ac_cv_env_LIBS_set=
ac_cv_env_LIBS_value=
ac_cv_env_build_alias_set=set
ac_cv_env_build_alias_value=i386
ac_cv_env_host_alias_set=set
ac_cv_env_host_alias_value=powerpc-linux-gnu
ac_cv_env_target_alias_set=
ac_cv_env_target_alias_value=
ac_cv_func_bzero=yes
ac_cv_func_gethostbyname=yes
ac_cv_func_gettimeofday=yes
ac_cv_func_inet_ntoa=yes
ac_cv_func_malloc_0_nonnull=yes
ac_cv_func_realloc_0_nonnull=yes
ac_cv_func_select=yes
ac_cv_func_select_args='int,fd_set *,struct timeval *'
ac_cv_func_socket=yes
ac_cv_header_arpa_inet_h=yes
ac_cv_header_dlfcn_h=yes
ac_cv_header_fcntl_h=yes
ac_cv_header_inttypes_h=yes
ac_cv_header_memory_h=yes
ac_cv_header_netdb_h=yes
ac_cv_header_netinet_in_h=yes
ac_cv_header_stdc=yes
ac_cv_header_stdint_h=yes
ac_cv_header_stdlib_h=yes
ac_cv_header_string_h=yes
ac_cv_header_strings_h=yes
ac_cv_header_sys_select_h=yes
ac_cv_header_sys_socket_h=yes
ac_cv_header_sys_stat_h=yes
ac_cv_header_sys_time_h=yes
ac_cv_header_sys_types_h=yes
ac_cv_header_syslog_h=yes
ac_cv_header_time=yes
ac_cv_header_unistd_h=yes
ac_cv_host=powerpc-unknown-linux-gnu
ac_cv_lib_pam_pam_start=yes
ac_cv_lib_tac_tac_connect=no
ac_cv_objext=o
ac_cv_path_EGREP='/bin/grep -E'
ac_cv_path_FGREP='/bin/grep -F'
ac_cv_path_GREP=/bin/grep
ac_cv_path_SED=/bin/sed
ac_cv_path_install='/usr/bin/install -c'
ac_cv_path_mkdir=/bin/mkdir
ac_cv_prog_AR=powerpc-e300c3-linux-gnu-ar
ac_cv_prog_AWK=gawk
ac_cv_prog_CC=powerpc-e300c3-linux-gnu-gcc
ac_cv_prog_CPP='powerpc-e300c3-linux-gnu-gcc -E'
ac_cv_prog_OBJDUMP=powerpc-e300c3-linux-gnu-objdump
ac_cv_prog_RANLIB=powerpc-e300c3-linux-gnu-ranlib
ac_cv_prog_STRIP=powerpc-e300c3-linux-gnu-strip
ac_cv_prog_cc_c89=
ac_cv_prog_cc_g=yes
ac_cv_prog_make_make_set=yes
ac_cv_type_signal=void
ac_cv_type_size_t=yes
am_cv_CC_dependencies_compiler_type=gcc3
lt_cv_deplibs_check_method=pass_all
lt_cv_file_magic_cmd='$MAGIC_CMD'
lt_cv_file_magic_test_file=
lt_cv_ld_reload_flag=-r
lt_cv_nm_interface='BSD nm'
lt_cv_objdir=.libs
lt_cv_path_LD=powerpc-e300c3-linux-gnu-ld
lt_cv_path_NM=powerpc-e300c3-linux-gnu-nm
lt_cv_prog_compiler_c_o=yes
lt_cv_prog_compiler_pic_works=yes
lt_cv_prog_compiler_rtti_exceptions=no
lt_cv_prog_compiler_static_works=yes
lt_cv_prog_gnu_ld=yes
lt_cv_sys_global_symbol_pipe='sed -n -e '\''s/^.*[	 ]\([ABCDGIRSTW][ABCDGIRSTW]*\)[	 ][	 ]*\([_A-Za-z][_A-Za-z0-9]*\)$/\1 \2 \2/p'\'''
lt_cv_sys_global_symbol_to_c_name_address='sed -n -e '\''s/^: \([^ ]*\) $/  {\"\1\", (void *) 0},/p'\'' -e '\''s/^[ABCDGIRSTW]* \([^ ]*\) \([^ ]*\)$/  {"\2", (void *) \&\2},/p'\'''
lt_cv_sys_global_symbol_to_c_name_address_lib_prefix='sed -n -e '\''s/^: \([^ ]*\) $/  {\"\1\", (void *) 0},/p'\'' -e '\''s/^[ABCDGIRSTW]* \([^ ]*\) \(lib[^ ]*\)$/  {"\2", (void *) \&\2},/p'\'' -e '\''s/^[ABCDGIRSTW]* \([^ ]*\) \([^ ]*\)$/  {"lib\2", (void *) \&\2},/p'\'''
lt_cv_sys_global_symbol_to_cdecl='sed -n -e '\''s/^T .* \(.*\)$/extern int \1();/p'\'' -e '\''s/^[ABCDGIRSTW]* .* \(.*\)$/extern char \1;/p'\'''
lt_cv_sys_max_cmd_len=3458764513820540925

## ----------------- ##
## Output variables. ##
## ----------------- ##

ACLOCAL='${SHELL} /home/tgrande/Projetos/digistarEFM/packages/pam_tacplus-1.3.2/config/missing --run aclocal-1.11'
AMDEPBACKSLASH='\'
AMDEP_FALSE='#'
AMDEP_TRUE=''
AMTAR='${SHELL} /home/tgrande/Projetos/digistarEFM/packages/pam_tacplus-1.3.2/config/missing --run tar'
AR='powerpc-e300c3-linux-gnu-ar'
AUTOCONF='${SHELL} /home/tgrande/Projetos/digistarEFM/packages/pam_tacplus-1.3.2/config/missing --run autoconf'
AUTOHEADER='${SHELL} /home/tgrande/Projetos/digistarEFM/packages/pam_tacplus-1.3.2/config/missing --run autoheader'
AUTOMAKE='${SHELL} /home/tgrande/Projetos/digistarEFM/packages/pam_tacplus-1.3.2/config/missing --run automake-1.11'
AWK='gawk'
CC='powerpc-e300c3-linux-gnu-gcc'
CCDEPMODE='depmode=gcc3'
CFLAGS='-O2 -Wall -I. -I/home/tgrande/Projetos/digistarEFM/include -I/home/tgrande/Projetos/digistarEFM/fs/include'
CPP='powerpc-e300c3-linux-gnu-gcc -E'
CPPFLAGS=''
CYGPATH_W='echo'
DEFS='-DHAVE_CONFIG_H'
DEPDIR='.deps'
DSYMUTIL=''
DUMPBIN=''
ECHO_C=''
ECHO_N='-n'
ECHO_T=''
EGREP='/bin/grep -E'
EXEEXT=''
FGREP='/bin/grep -F'
GREP='/bin/grep'
INSTALL_DATA='${INSTALL} -m 644'
INSTALL_PROGRAM='${INSTALL}'
INSTALL_SCRIPT='${INSTALL}'
INSTALL_STRIP_PROGRAM='$(install_sh) -c -s'
LD='powerpc-e300c3-linux-gnu-ld'
LDFLAGS='-L/home/tgrande/Projetos/digistarEFM/fs/lib'
LIBOBJS=''
LIBS='-lpam '
LIBTOOL='$(SHELL) $(top_builddir)/libtool'
LIPO=''
LN_S='ln -s'
LTLIBOBJS=''
MAKEINFO='${SHELL} /home/tgrande/Projetos/digistarEFM/packages/pam_tacplus-1.3.2/config/missing --run makeinfo'
MKDIR_P='/bin/mkdir -p'
NM='powerpc-e300c3-linux-gnu-nm'
NMEDIT=''
OBJDUMP='powerpc-e300c3-linux-gnu-objdump'
OBJEXT='o'
OTOOL64=''
OTOOL=''
PACKAGE='pam_tacplus'
PACKAGE_BUGREPORT='jeroen@nijhofnet.nl,kravietz@ceti.com.pl'
PACKAGE_NAME='pam_tacplus'
PACKAGE_STRING='pam_tacplus 1.3.2'
PACKAGE_TARNAME='pam_tacplus'
PACKAGE_URL=''
PACKAGE_VERSION='1.3.2'
PATH_SEPARATOR=':'
RANLIB='powerpc-e300c3-linux-gnu-ranlib'
SED='/bin/sed'
SET_MAKE=''
SHELL='/bin/sh'
STRIP='powerpc-e300c3-linux-gnu-strip'
VERSION='1.3.2'
ac_ct_CC=''
ac_ct_DUMPBIN=''
am__EXEEXT_FALSE=''
am__EXEEXT_TRUE='#'
am__fastdepCC_FALSE='#'
am__fastdepCC_TRUE=''
am__include='include'
am__isrc=''
am__leading_dot='.'
am__quote=''
am__tar='${AMTAR} chof - "$$tardir"'
am__untar='${AMTAR} xf -'
bindir='${exec_prefix}/bin'
build='i386-pc-none'
build_alias='i386'
build_cpu='i386'
build_os='none'
build_vendor='pc'
datadir='${datarootdir}'
datarootdir='${prefix}/share'
docdir='${datarootdir}/doc/${PACKAGE_TARNAME}'
dvidir='${docdir}'
exec_prefix='${prefix}'
host='powerpc-unknown-linux-gnu'
host_alias='powerpc-linux-gnu'
host_cpu='powerpc'
host_os='linux-gnu'
host_vendor='unknown'
htmldir='${docdir}'
includedir='${prefix}/include'
infodir='${datarootdir}/info'
install_sh='${SHELL} /home/tgrande/Projetos/digistarEFM/packages/pam_tacplus-1.3.2/config/install-sh'
libdir='${exec_prefix}/lib'
libexecdir='${exec_prefix}/libexec'
localedir='${datarootdir}/locale'
localstatedir='${prefix}/var'
lt_ECHO='echo'
mandir='${datarootdir}/man'
mkdir_p='/bin/mkdir -p'
oldincludedir='/usr/include'
pdfdir='${docdir}'
prefix='/home/tgrande/Projetos/digistarEFM/fs'
program_transform_name='s,x,x,'
psdir='${docdir}'
sbindir='${exec_prefix}/sbin'
sharedstatedir='${prefix}/com'
sysconfdir='${prefix}/etc'
target_alias=''

## ----------- ##
## confdefs.h. ##
## ----------- ##

/* confdefs.h */
#define PACKAGE_NAME "pam_tacplus"
#define PACKAGE_TARNAME "pam_tacplus"
#define PACKAGE_VERSION "1.3.2"
#define PACKAGE_STRING "pam_tacplus 1.3.2"
#define PACKAGE_BUGREPORT "jeroen@nijhofnet.nl,kravietz@ceti.com.pl"
#define PACKAGE_URL ""
#define PACKAGE "pam_tacplus"
#define VERSION "1.3.2"
#define STDC_HEADERS 1
#define HAVE_SYS_TYPES_H 1
#define HAVE_SYS_STAT_H 1
#define HAVE_STDLIB_H 1
#define HAVE_STRING_H 1
#define HAVE_MEMORY_H 1
#define HAVE_STRINGS_H 1
#define HAVE_INTTYPES_H 1
#define HAVE_STDINT_H 1
#define HAVE_UNISTD_H 1
#define HAVE_DLFCN_H 1
#define LT_OBJDIR ".libs/"
#define HAVE_LIBPAM 1
#define STDC_HEADERS 1
#define HAVE_ARPA_INET_H 1
#define HAVE_FCNTL_H 1
#define HAVE_NETDB_H 1
#define HAVE_NETINET_IN_H 1
#define HAVE_STDLIB_H 1
#define HAVE_STRING_H 1
#define HAVE_STRINGS_H 1
#define HAVE_SYS_SOCKET_H 1
#define HAVE_SYS_TIME_H 1
#define HAVE_SYSLOG_H 1
#define HAVE_UNISTD_H 1
#define TIME_WITH_SYS_TIME 1
#define HAVE_STDLIB_H 1
#define HAVE_REALLOC 1
#define HAVE_SYS_SELECT_H 1
#define HAVE_SYS_SOCKET_H 1
#define SELECT_TYPE_ARG1 int
#define SELECT_TYPE_ARG234 (fd_set *)
#define SELECT_TYPE_ARG5 (struct timeval *)
#define RETSIGTYPE void
#define HAVE_BZERO 1
#define HAVE_GETHOSTBYNAME 1
#define HAVE_GETTIMEOFDAY 1
#define HAVE_INET_NTOA 1
#define HAVE_SELECT 1
#define HAVE_SOCKET 1

configure: exit 0
